{"numFailedTestSuites":1,"numFailedTests":5,"numPassedTestSuites":0,"numPassedTests":5,"numPendingTestSuites":0,"numPendingTests":0,"numRuntimeErrorTestSuites":0,"numTodoTests":0,"numTotalTestSuites":1,"numTotalTests":10,"openHandles":[],"snapshot":{"added":0,"didUpdate":false,"failure":false,"filesAdded":0,"filesRemoved":0,"filesRemovedList":[],"filesUnmatched":0,"filesUpdated":0,"matched":0,"total":0,"unchecked":0,"uncheckedKeysByFile":[],"unmatched":0,"updated":0},"startTime":1675320313049,"success":false,"testResults":[{"assertionResults":[{"ancestorTitles":["💡 Part 1: 항공권 목록 필터링","🧩 Main 컴포넌트에서 항공편을 조회합니다"],"failureMessages":[],"fullName":"💡 Part 1: 항공권 목록 필터링 🧩 Main 컴포넌트에서 항공편을 조회합니다 Main 컴포넌트 내 `search` 함수는 검색 조건을 담고 있는 상태 객체 `condition`을 업데이트해야 합니다","location":null,"status":"passed","title":"Main 컴포넌트 내 `search` 함수는 검색 조건을 담고 있는 상태 객체 `condition`을 업데이트해야 합니다"},{"ancestorTitles":["💡 Part 1: 항공권 목록 필터링","🧩 Search 컴포넌트를 통해 상태 끌어올리기를 학습합니다"],"failureMessages":[],"fullName":"💡 Part 1: 항공권 목록 필터링 🧩 Search 컴포넌트를 통해 상태 끌어올리기를 학습합니다 검색 화면이 Search 컴포넌트로 분리되어야 합니다","location":null,"status":"passed","title":"검색 화면이 Search 컴포넌트로 분리되어야 합니다"},{"ancestorTitles":["💡 Part 1: 항공권 목록 필터링","🧩 Search 컴포넌트를 통해 상태 끌어올리기를 학습합니다"],"failureMessages":[],"fullName":"💡 Part 1: 항공권 목록 필터링 🧩 Search 컴포넌트를 통해 상태 끌어올리기를 학습합니다 Search 컴포넌트에는 상태 변경 함수 `search`가 `onSearch` props로 전달되어야 합니다","location":null,"status":"passed","title":"Search 컴포넌트에는 상태 변경 함수 `search`가 `onSearch` props로 전달되어야 합니다"},{"ancestorTitles":["💡 Part 1: 항공권 목록 필터링","🧩 Search 컴포넌트를 통해 상태 끌어올리기를 학습합니다"],"failureMessages":[],"fullName":"💡 Part 1: 항공권 목록 필터링 🧩 Search 컴포넌트를 통해 상태 끌어올리기를 학습합니다 상태 변경 함수 `search`는 Search 컴포넌트의 `검색` 버튼 클릭 시 실행되어야 합니다","location":null,"status":"passed","title":"상태 변경 함수 `search`는 Search 컴포넌트의 `검색` 버튼 클릭 시 실행되어야 합니다"},{"ancestorTitles":["💡 Part 2: AJAX 요청","🧩 Side Effect는 useEffect에서 다뤄야 합니다"],"failureMessages":["Error: expect(jest.fn()).toHaveBeenCalled()\n\nExpected number of calls: >= 1\nReceived number of calls:    0\n    at /Users/jiuseog/Desktop/TIl/react-state-rep/fe-sprint-statesairline-client/__tests__/index.test.js:110:30\n    at runWithExpensiveErrorDiagnosticsDisabled (/Users/jiuseog/Desktop/TIl/react-state-rep/fe-sprint-statesairline-client/node_modules/@testing-library/dom/dist/config.js:51:12)\n    at checkCallback (/Users/jiuseog/Desktop/TIl/react-state-rep/fe-sprint-statesairline-client/node_modules/@testing-library/dom/dist/wait-for.js:127:77)\n    at checkRealTimersCallback (/Users/jiuseog/Desktop/TIl/react-state-rep/fe-sprint-statesairline-client/node_modules/@testing-library/dom/dist/wait-for.js:119:16)\n    at Timeout.task [as _onTimeout] (/Users/jiuseog/Desktop/TIl/react-state-rep/fe-sprint-statesairline-client/node_modules/jsdom/lib/jsdom/browser/Window.js:516:19)\n    at listOnTimeout (node:internal/timers:564:17)\n    at processTimers (node:internal/timers:507:7)"],"fullName":"💡 Part 2: AJAX 요청 🧩 Side Effect는 useEffect에서 다뤄야 합니다 검색 조건이 바뀔 때마다, FlightDataApi의 getFlight를 검색 조건과 함께 요청해야 합니다","location":null,"status":"failed","title":"검색 조건이 바뀔 때마다, FlightDataApi의 getFlight를 검색 조건과 함께 요청해야 합니다"},{"ancestorTitles":["💡 Part 2: AJAX 요청","🧩 Side Effect는 useEffect에서 다뤄야 합니다"],"failureMessages":[],"fullName":"💡 Part 2: AJAX 요청 🧩 Side Effect는 useEffect에서 다뤄야 합니다 getFlight의 결과를 받아, flightList 상태를 업데이트해야 합니다","location":null,"status":"passed","title":"getFlight의 결과를 받아, flightList 상태를 업데이트해야 합니다"},{"ancestorTitles":["💡 Part 2: AJAX 요청","🧩 Side Effect는 useEffect에서 다뤄야 합니다"],"failureMessages":["Error: expect(received).toBe(expected) // Object.is equality\n\nExpected: false\nReceived: true\n    at Object.<anonymous> (/Users/jiuseog/Desktop/TIl/react-state-rep/fe-sprint-statesairline-client/__tests__/index.test.js:135:9)\n    at Object.asyncJestTest (/Users/jiuseog/Desktop/TIl/react-state-rep/fe-sprint-statesairline-client/node_modules/jest-jasmine2/build/jasmineAsyncInstall.js:106:37)\n    at /Users/jiuseog/Desktop/TIl/react-state-rep/fe-sprint-statesairline-client/node_modules/jest-jasmine2/build/queueRunner.js:45:12\n    at new Promise (<anonymous>)\n    at mapper (/Users/jiuseog/Desktop/TIl/react-state-rep/fe-sprint-statesairline-client/node_modules/jest-jasmine2/build/queueRunner.js:28:19)\n    at /Users/jiuseog/Desktop/TIl/react-state-rep/fe-sprint-statesairline-client/node_modules/jest-jasmine2/build/queueRunner.js:75:41"],"fullName":"💡 Part 2: AJAX 요청 🧩 Side Effect는 useEffect에서 다뤄야 합니다 더이상, 컴포넌트 내 필터 함수 `filterByCondition`를 사용하지 않습니다","location":null,"status":"failed","title":"더이상, 컴포넌트 내 필터 함수 `filterByCondition`를 사용하지 않습니다"},{"ancestorTitles":["💡 Part 2: AJAX 요청","🧩 Side Effect는 useEffect에서 다뤄야 합니다"],"failureMessages":["Error: expect(received).toBe(expected) // Object.is equality\n\nExpected: false\nReceived: true\n    at Object.<anonymous> (/Users/jiuseog/Desktop/TIl/react-state-rep/fe-sprint-statesairline-client/__tests__/index.test.js:144:9)\n    at Object.asyncJestTest (/Users/jiuseog/Desktop/TIl/react-state-rep/fe-sprint-statesairline-client/node_modules/jest-jasmine2/build/jasmineAsyncInstall.js:106:37)\n    at /Users/jiuseog/Desktop/TIl/react-state-rep/fe-sprint-statesairline-client/node_modules/jest-jasmine2/build/queueRunner.js:45:12\n    at new Promise (<anonymous>)\n    at mapper (/Users/jiuseog/Desktop/TIl/react-state-rep/fe-sprint-statesairline-client/node_modules/jest-jasmine2/build/queueRunner.js:28:19)\n    at /Users/jiuseog/Desktop/TIl/react-state-rep/fe-sprint-statesairline-client/node_modules/jest-jasmine2/build/queueRunner.js:75:41"],"fullName":"💡 Part 2: AJAX 요청 🧩 Side Effect는 useEffect에서 다뤄야 합니다 더이상, 하드코딩된 flightList JSON을 사용하지 않습니다 (초기값은 빈 배열로 둡니다)","location":null,"status":"failed","title":"더이상, 하드코딩된 flightList JSON을 사용하지 않습니다 (초기값은 빈 배열로 둡니다)"},{"ancestorTitles":["💡 Part 2: AJAX 요청","🧩 Side Effect는 useEffect에서 다뤄야 합니다"],"failureMessages":["Error: expect(received).not.toBeNull()\n\nReceived: null\n    at Object.<anonymous> (/Users/jiuseog/Desktop/TIl/react-state-rep/fe-sprint-statesairline-client/__tests__/index.test.js:155:52)\n    at Object.asyncJestTest (/Users/jiuseog/Desktop/TIl/react-state-rep/fe-sprint-statesairline-client/node_modules/jest-jasmine2/build/jasmineAsyncInstall.js:106:37)\n    at /Users/jiuseog/Desktop/TIl/react-state-rep/fe-sprint-statesairline-client/node_modules/jest-jasmine2/build/queueRunner.js:45:12\n    at new Promise (<anonymous>)\n    at mapper (/Users/jiuseog/Desktop/TIl/react-state-rep/fe-sprint-statesairline-client/node_modules/jest-jasmine2/build/queueRunner.js:28:19)\n    at /Users/jiuseog/Desktop/TIl/react-state-rep/fe-sprint-statesairline-client/node_modules/jest-jasmine2/build/queueRunner.js:75:41"],"fullName":"💡 Part 2: AJAX 요청 🧩 Side Effect는 useEffect에서 다뤄야 합니다 getFlight 요청이 다소 느리므로, 로딩 상태에 따라 LoadingIndicator 컴포넌트를 표시해야 합니다","location":null,"status":"failed","title":"getFlight 요청이 다소 느리므로, 로딩 상태에 따라 LoadingIndicator 컴포넌트를 표시해야 합니다"},{"ancestorTitles":["💡 Part 2: AJAX 요청","🧩 FlightDataApi에서 기존 구현 대신, REST API를 호출하도록 바꿉니다"],"failureMessages":["Error: expect(received).toEqual(expected) // deep equality\n\n- Expected  -  0\n+ Received  + 28\n\n@@ -2,8 +2,36 @@\n    Object {\n      \"arrival_times\": \"2021-12-03T12:00:00\",\n      \"departure\": \"ICN\",\n      \"departure_times\": \"2021-12-02T12:00:00\",\n      \"destination\": \"CJU\",\n+     \"uuid\": \"af6fa55c-da65-47dd-af23-578fdba40bed\",\n+   },\n+   Object {\n+     \"arrival_times\": \"2021-12-04T12:00:00\",\n+     \"departure\": \"ICN\",\n+     \"departure_times\": \"2021-12-03T12:00:00\",\n+     \"destination\": \"CJU\",\n+     \"uuid\": \"af6fa55c-da65-47dd-af23-578fdba48bed\",\n+   },\n+   Object {\n+     \"arrival_times\": \"2021-12-04T12:00:00\",\n+     \"departure\": \"ICN\",\n+     \"departure_times\": \"2021-12-03T12:00:00\",\n+     \"destination\": \"CJU\",\n+     \"uuid\": \"af6fa55c-da65-47dd-af23-578fdbr40bed\",\n+   },\n+   Object {\n+     \"arrival_times\": \"2021-12-03T12:00:00\",\n+     \"departure\": \"ICN\",\n+     \"departure_times\": \"2021-12-02T12:00:00\",\n+     \"destination\": \"CJU\",\n      \"uuid\": \"af6fa55c-da65-47dd-af23-578fdba40bod\",\n+   },\n+   Object {\n+     \"arrival_times\": \"2021-12-03T12:00:00\",\n+     \"departure\": \"ICN\",\n+     \"departure_times\": \"2021-12-03T12:00:00\",\n+     \"destination\": \"CJU\",\n+     \"uuid\": \"af6fa55c-da65-47dd-af23-578fdba44bed\",\n    },\n  ]\n    at /Users/jiuseog/Desktop/TIl/react-state-rep/fe-sprint-statesairline-client/__tests__/index.test.js:180:22"],"fullName":"💡 Part 2: AJAX 요청 🧩 FlightDataApi에서 기존 구현 대신, REST API를 호출하도록 바꿉니다 검색 조건과 함께 StatesAirline 서버에서 항공편 정보를 요청(fetch)합니다","location":null,"status":"failed","title":"검색 조건과 함께 StatesAirline 서버에서 항공편 정보를 요청(fetch)합니다"}],"endTime":1675320332547,"message":"  ● 💡 Part 2: AJAX 요청 › 🧩 Side Effect는 useEffect에서 다뤄야 합니다 › 검색 조건이 바뀔 때마다, FlightDataApi의 getFlight를 검색 조건과 함께 요청해야 합니다\n\n    expect(jest.fn()).toHaveBeenCalled()\n\n    Expected number of calls: >= 1\n    Received number of calls:    0\n\n      108 | \n      109 |       waitFor(() => {\n    > 110 |         expect(getFlightSpy).toHaveBeenCalled();\n          |                              ^\n      111 |         done();\n      112 |       });\n      113 |     });\n\n      at __tests__/index.test.js:110:30\n      at runWithExpensiveErrorDiagnosticsDisabled (node_modules/@testing-library/dom/dist/config.js:51:12)\n      at checkCallback (node_modules/@testing-library/dom/dist/wait-for.js:127:77)\n      at checkRealTimersCallback (node_modules/@testing-library/dom/dist/wait-for.js:119:16)\n      at Timeout.task [as _onTimeout] (node_modules/jsdom/lib/jsdom/browser/Window.js:516:19)\n\n  ● 💡 Part 2: AJAX 요청 › 🧩 Side Effect는 useEffect에서 다뤄야 합니다 › 더이상, 컴포넌트 내 필터 함수 `filterByCondition`를 사용하지 않습니다\n\n    expect(received).toBe(expected) // Object.is equality\n\n    Expected: false\n    Received: true\n\n      133 |       expect(\n      134 |         Main.toString().split('return __jsx')[1].includes('filterByCondition')\n    > 135 |       ).toBe(false);\n          |         ^\n      136 |     });\n      137 | \n      138 |     test('더이상, 하드코딩된 flightList JSON을 사용하지 않습니다 (초기값은 빈 배열로 둡니다)', () => {\n\n      at Object.<anonymous> (__tests__/index.test.js:135:9)\n\n  ● 💡 Part 2: AJAX 요청 › 🧩 Side Effect는 useEffect에서 다뤄야 합니다 › 더이상, 하드코딩된 flightList JSON을 사용하지 않습니다 (초기값은 빈 배열로 둡니다)\n\n    expect(received).toBe(expected) // Object.is equality\n\n    Expected: false\n    Received: true\n\n      142 |         file.includes(\"import json from '../resource/flightList'\") ||\n      143 |           file.includes('import json from \"../resource/flightList\"')\n    > 144 |       ).toBe(false);\n          |         ^\n      145 |     });\n      146 | \n      147 |     test('getFlight 요청이 다소 느리므로, 로딩 상태에 따라 LoadingIndicator 컴포넌트를 표시해야 합니다', async () => {\n\n      at Object.<anonymous> (__tests__/index.test.js:144:9)\n\n  ● 💡 Part 2: AJAX 요청 › 🧩 Side Effect는 useEffect에서 다뤄야 합니다 › getFlight 요청이 다소 느리므로, 로딩 상태에 따라 LoadingIndicator 컴포넌트를 표시해야 합니다\n\n    expect(received).not.toBeNull()\n\n    Received: null\n\n      153 |       fireEvent.click(btn);\n      154 | \n    > 155 |       expect(queryByAltText('now loading...')).not.toBeNull();\n          |                                                    ^\n      156 |       await waitForElementToBeRemoved(() => queryByAltText('now loading...'));\n      157 |     });\n      158 |   });\n\n      at Object.<anonymous> (__tests__/index.test.js:155:52)\n\n  ● 💡 Part 2: AJAX 요청 › 🧩 FlightDataApi에서 기존 구현 대신, REST API를 호출하도록 바꿉니다 › 검색 조건과 함께 StatesAirline 서버에서 항공편 정보를 요청(fetch)합니다\n\n    expect(received).toEqual(expected) // deep equality\n\n    - Expected  -  0\n    + Received  + 28\n\n    @@ -2,8 +2,36 @@\n        Object {\n          \"arrival_times\": \"2021-12-03T12:00:00\",\n          \"departure\": \"ICN\",\n          \"departure_times\": \"2021-12-02T12:00:00\",\n          \"destination\": \"CJU\",\n    +     \"uuid\": \"af6fa55c-da65-47dd-af23-578fdba40bed\",\n    +   },\n    +   Object {\n    +     \"arrival_times\": \"2021-12-04T12:00:00\",\n    +     \"departure\": \"ICN\",\n    +     \"departure_times\": \"2021-12-03T12:00:00\",\n    +     \"destination\": \"CJU\",\n    +     \"uuid\": \"af6fa55c-da65-47dd-af23-578fdba48bed\",\n    +   },\n    +   Object {\n    +     \"arrival_times\": \"2021-12-04T12:00:00\",\n    +     \"departure\": \"ICN\",\n    +     \"departure_times\": \"2021-12-03T12:00:00\",\n    +     \"destination\": \"CJU\",\n    +     \"uuid\": \"af6fa55c-da65-47dd-af23-578fdbr40bed\",\n    +   },\n    +   Object {\n    +     \"arrival_times\": \"2021-12-03T12:00:00\",\n    +     \"departure\": \"ICN\",\n    +     \"departure_times\": \"2021-12-02T12:00:00\",\n    +     \"destination\": \"CJU\",\n          \"uuid\": \"af6fa55c-da65-47dd-af23-578fdba40bod\",\n    +   },\n    +   Object {\n    +     \"arrival_times\": \"2021-12-03T12:00:00\",\n    +     \"departure\": \"ICN\",\n    +     \"departure_times\": \"2021-12-03T12:00:00\",\n    +     \"destination\": \"CJU\",\n    +     \"uuid\": \"af6fa55c-da65-47dd-af23-578fdba44bed\",\n        },\n      ]\n\n      178 | \n      179 |       Api.getFlight({ departure: 'ICN', destination: 'CJU' }).then((json) => {\n    > 180 |         expect(json).toEqual(result);\n          |                      ^\n      181 |         const ajaxCallCount = scope.interceptors[0].interceptionCounter;\n      182 |         expect(ajaxCallCount).toEqual(1); // ajax call이 1회 발생\n      183 |         expect(scope.interceptors[0].statusCode).toEqual(200);\n\n      at __tests__/index.test.js:180:22\n","name":"/Users/jiuseog/Desktop/TIl/react-state-rep/fe-sprint-statesairline-client/__tests__/index.test.js","startTime":1675320317650,"status":"failed","summary":""}],"wasInterrupted":false}